This is pdfTeX, Version 3.14159265-2.6-1.40.18 (MiKTeX 2.9.6350 64-bit) (preloaded format=pdflatex 2018.5.17)  23 JAN 2019 09:53
entering extended mode
**./Manual.tex
(Manual.tex
LaTeX2e <2017-04-15>
Babel <3.10> and hyphenation patterns for 75 language(s) loaded.
("C:\MySoftware\MiKTeX 2.9\tex\latex\base\article.cls"
Document Class: article 2014/09/29 v1.4h Standard LaTeX document class
("C:\MySoftware\MiKTeX 2.9\tex\latex\base\size10.clo"
File: size10.clo 2014/09/29 v1.4h Standard LaTeX file (size option)
)
\c@part=\count79
\c@section=\count80
\c@subsection=\count81
\c@subsubsection=\count82
\c@paragraph=\count83
\c@subparagraph=\count84
\c@figure=\count85
\c@table=\count86
\abovecaptionskip=\skip41
\belowcaptionskip=\skip42
\bibindent=\dimen102
) ("C:\MySoftware\MiKTeX 2.9\tex\latex\graphics\graphicx.sty"
Package: graphicx 2014/10/28 v1.0g Enhanced LaTeX Graphics (DPC,SPQR)

("C:\MySoftware\MiKTeX 2.9\tex\latex\graphics\keyval.sty"
Package: keyval 2014/10/28 v1.15 key=value parser (DPC)
\KV@toks@=\toks14
) ("C:\MySoftware\MiKTeX 2.9\tex\latex\graphics\graphics.sty"
Package: graphics 2017/04/14 v1.1b Standard LaTeX Graphics (DPC,SPQR)

("C:\MySoftware\MiKTeX 2.9\tex\latex\graphics\trig.sty"
Package: trig 2016/01/03 v1.10 sin cos tan (DPC)
) ("C:\MySoftware\MiKTeX 2.9\tex\latex\graphics-cfg\graphics.cfg"
File: graphics.cfg 2016/06/04 v1.11 sample graphics configuration
)
Package graphics Info: Driver file: pdftex.def on input line 99.
 ("C:\MySoftware\MiKTeX 2.9\tex\latex\graphics-def\pdftex.def"
File: pdftex.def 2017/01/12 v0.06k Graphics/color for pdfTeX

("C:\MySoftware\MiKTeX 2.9\tex\generic\oberdiek\infwarerr.sty"
Package: infwarerr 2016/05/16 v1.4 Providing info/warning/error messages (HO)
)
("C:\MySoftware\MiKTeX 2.9\tex\generic\oberdiek\ltxcmds.sty"
Package: ltxcmds 2016/05/16 v1.23 LaTeX kernel commands for general use (HO)
)
\Gread@gobject=\count87
))
\Gin@req@height=\dimen103
\Gin@req@width=\dimen104
) ("C:\MySoftware\MiKTeX 2.9\tex\latex\url\url.sty"
\Urlmuskip=\muskip10
Package: url 2013/09/16  ver 3.4  Verb mode for urls, etc.
)
("C:\MySoftware\MiKTeX 2.9\tex\latex\amsmath\amsmath.sty"
Package: amsmath 2016/11/05 v2.16a AMS math features
\@mathmargin=\skip43

For additional information on amsmath, use the `?' option.
("C:\MySoftware\MiKTeX 2.9\tex\latex\amsmath\amstext.sty"
Package: amstext 2000/06/29 v2.01 AMS text
 ("C:\MySoftware\MiKTeX 2.9\tex\latex\amsmath\amsgen.sty"
File: amsgen.sty 1999/11/30 v2.0 generic functions
\@emptytoks=\toks15
\ex@=\dimen105
))
("C:\MySoftware\MiKTeX 2.9\tex\latex\amsmath\amsbsy.sty"
Package: amsbsy 1999/11/29 v1.2d Bold Symbols
\pmbraise@=\dimen106
) ("C:\MySoftware\MiKTeX 2.9\tex\latex\amsmath\amsopn.sty"
Package: amsopn 2016/03/08 v2.02 operator names
)
\inf@bad=\count88
LaTeX Info: Redefining \frac on input line 213.
\uproot@=\count89
\leftroot@=\count90
LaTeX Info: Redefining \overline on input line 375.
\classnum@=\count91
\DOTSCASE@=\count92
LaTeX Info: Redefining \ldots on input line 472.
LaTeX Info: Redefining \dots on input line 475.
LaTeX Info: Redefining \cdots on input line 596.
\Mathstrutbox@=\box26
\strutbox@=\box27
\big@size=\dimen107
LaTeX Font Info:    Redeclaring font encoding OML on input line 712.
LaTeX Font Info:    Redeclaring font encoding OMS on input line 713.
\macc@depth=\count93
\c@MaxMatrixCols=\count94
\dotsspace@=\muskip11
\c@parentequation=\count95
\dspbrk@lvl=\count96
\tag@help=\toks16
\row@=\count97
\column@=\count98
\maxfields@=\count99
\andhelp@=\toks17
\eqnshift@=\dimen108
\alignsep@=\dimen109
\tagshift@=\dimen110
\tagwidth@=\dimen111
\totwidth@=\dimen112
\lineht@=\dimen113
\@envbody=\toks18
\multlinegap=\skip44
\multlinetaggap=\skip45
\mathdisplay@stack=\toks19
LaTeX Info: Redefining \[ on input line 2817.
LaTeX Info: Redefining \] on input line 2818.
)
("C:\MySoftware\MiKTeX 2.9\tex\latex\hyperref\hyperref.sty"
Package: hyperref 2017/03/14 v6.85a Hypertext links for LaTeX

("C:\MySoftware\MiKTeX 2.9\tex\generic\oberdiek\hobsub-hyperref.sty"
Package: hobsub-hyperref 2016/05/16 v1.14 Bundle oberdiek, subset hyperref (HO)

("C:\MySoftware\MiKTeX 2.9\tex\generic\oberdiek\hobsub-generic.sty"
Package: hobsub-generic 2016/05/16 v1.14 Bundle oberdiek, subset generic (HO)
Package: hobsub 2016/05/16 v1.14 Construct package bundles (HO)
Package hobsub Info: Skipping package `infwarerr' (already loaded).
Package hobsub Info: Skipping package `ltxcmds' (already loaded).
Package: ifluatex 2016/05/16 v1.4 Provides the ifluatex switch (HO)
Package ifluatex Info: LuaTeX not detected.
Package: ifvtex 2016/05/16 v1.6 Detect VTeX and its facilities (HO)
Package ifvtex Info: VTeX not detected.
Package: intcalc 2016/05/16 v1.2 Expandable calculations with integers (HO)
Package: ifpdf 2017/03/15 v3.2 Provides the ifpdf switch
Package: etexcmds 2016/05/16 v1.6 Avoid name clashes with e-TeX commands (HO)
Package etexcmds Info: Could not find \expanded.
(etexcmds)             That can mean that you are not using pdfTeX 1.50 or
(etexcmds)             that some package has redefined \expanded.
(etexcmds)             In the latter case, load this package earlier.
Package: kvsetkeys 2016/05/16 v1.17 Key value parser (HO)
Package: kvdefinekeys 2016/05/16 v1.4 Define keys (HO)
Package: pdftexcmds 2017/03/19 v0.25 Utility functions of pdfTeX for LuaTeX (HO)
Package pdftexcmds Info: LuaTeX not detected.
Package pdftexcmds Info: \pdf@primitive is available.
Package pdftexcmds Info: \pdf@ifprimitive is available.
Package pdftexcmds Info: \pdfdraftmode found.
Package: pdfescape 2016/05/16 v1.14 Implements pdfTeX's escape features (HO)
Package: bigintcalc 2016/05/16 v1.4 Expandable calculations on big integers (HO)
Package: bitset 2016/05/16 v1.2 Handle bit-vector datatype (HO)
Package: uniquecounter 2016/05/16 v1.3 Provide unlimited unique counter (HO)
)
Package hobsub Info: Skipping package `hobsub' (already loaded).
Package: letltxmacro 2016/05/16 v1.5 Let assignment for LaTeX macros (HO)
Package: hopatch 2016/05/16 v1.3 Wrapper for package hooks (HO)
Package: xcolor-patch 2016/05/16 xcolor patch
Package: atveryend 2016/05/16 v1.9 Hooks at the very end of document (HO)
Package atveryend Info: \enddocument detected (standard20110627).
Package: atbegshi 2016/06/09 v1.18 At begin shipout hook (HO)
Package: refcount 2016/05/16 v3.5 Data extraction from label references (HO)
Package: hycolor 2016/05/16 v1.8 Color options for hyperref/bookmark (HO)
)
("C:\MySoftware\MiKTeX 2.9\tex\generic\ifxetex\ifxetex.sty"
Package: ifxetex 2010/09/12 v0.6 Provides ifxetex conditional
) ("C:\MySoftware\MiKTeX 2.9\tex\latex\oberdiek\auxhook.sty"
Package: auxhook 2016/05/16 v1.4 Hooks for auxiliary files (HO)
) ("C:\MySoftware\MiKTeX 2.9\tex\latex\oberdiek\kvoptions.sty"
Package: kvoptions 2016/05/16 v3.12 Key value format for package options (HO)
)
\@linkdim=\dimen114
\Hy@linkcounter=\count100
\Hy@pagecounter=\count101
 ("C:\MySoftware\MiKTeX 2.9\tex\latex\hyperref\pd1enc.def"
File: pd1enc.def 2017/03/14 v6.85a Hyperref: PDFDocEncoding definition (HO)
)
\Hy@SavedSpaceFactor=\count102
 ("C:\MySoftware\MiKTeX 2.9\tex\latex\00miktex\hyperref.cfg"
File: hyperref.cfg 2002/06/06 v1.2 hyperref configuration of TeXLive
)
Package hyperref Info: Option `colorlinks' set `true' on input line 4374.
Package hyperref Info: Hyper figures OFF on input line 4498.
Package hyperref Info: Link nesting OFF on input line 4503.
Package hyperref Info: Hyper index ON on input line 4506.
Package hyperref Info: Plain pages OFF on input line 4513.
Package hyperref Info: Backreferencing OFF on input line 4518.
Package hyperref Info: Implicit mode ON; LaTeX internals redefined.
Package hyperref Info: Bookmarks ON on input line 4751.
\c@Hy@tempcnt=\count103
LaTeX Info: Redefining \url on input line 5104.
\XeTeXLinkMargin=\dimen115
\Fld@menulength=\count104
\Field@Width=\dimen116
\Fld@charsize=\dimen117
Package hyperref Info: Hyper figures OFF on input line 6358.
Package hyperref Info: Link nesting OFF on input line 6363.
Package hyperref Info: Hyper index ON on input line 6366.
Package hyperref Info: backreferencing OFF on input line 6373.
Package hyperref Info: Link coloring ON on input line 6376.
Package hyperref Info: Link coloring with OCG OFF on input line 6383.
Package hyperref Info: PDF/A mode OFF on input line 6388.
LaTeX Info: Redefining \ref on input line 6428.
LaTeX Info: Redefining \pageref on input line 6432.
\Hy@abspage=\count105
\c@Item=\count106
\c@Hfootnote=\count107
)

Package hyperref Message: Driver (autodetected): hpdftex.

("C:\MySoftware\MiKTeX 2.9\tex\latex\hyperref\hpdftex.def"
File: hpdftex.def 2017/03/14 v6.85a Hyperref driver for pdfTeX
\Fld@listcount=\count108
\c@bookmark@seq@number=\count109

("C:\MySoftware\MiKTeX 2.9\tex\latex\oberdiek\rerunfilecheck.sty"
Package: rerunfilecheck 2016/05/16 v1.8 Rerun checks for auxiliary files (HO)
Package uniquecounter Info: New unique counter `rerunfilecheck' on input line 282.
)
\Hy@SectionHShift=\skip46
)
("C:\MySoftware\MiKTeX 2.9\tex\latex\graphics\color.sty"
Package: color 2016/07/10 v1.1e Standard LaTeX Color (DPC)
 ("C:\MySoftware\MiKTeX 2.9\tex\latex\graphics-cfg\color.cfg"
File: color.cfg 2016/01/02 v1.6 sample color configuration
)
Package color Info: Driver file: pdftex.def on input line 147.
)

LaTeX Warning: Unused global option(s):
    [journal].

(Manual.aux)
\openout1 = `Manual.aux'.

LaTeX Font Info:    Checking defaults for OML/cmm/m/it on input line 29.
LaTeX Font Info:    ... okay on input line 29.
LaTeX Font Info:    Checking defaults for T1/cmr/m/n on input line 29.
LaTeX Font Info:    ... okay on input line 29.
LaTeX Font Info:    Checking defaults for OT1/cmr/m/n on input line 29.
LaTeX Font Info:    ... okay on input line 29.
LaTeX Font Info:    Checking defaults for OMS/cmsy/m/n on input line 29.
LaTeX Font Info:    ... okay on input line 29.
LaTeX Font Info:    Checking defaults for OMX/cmex/m/n on input line 29.
LaTeX Font Info:    ... okay on input line 29.
LaTeX Font Info:    Checking defaults for U/cmr/m/n on input line 29.
LaTeX Font Info:    ... okay on input line 29.
LaTeX Font Info:    Checking defaults for PD1/pdf/m/n on input line 29.
LaTeX Font Info:    ... okay on input line 29.
 ("C:\MySoftware\MiKTeX 2.9\tex\context\base\supp-pdf.mkii"
[Loading MPS to PDF converter (version 2006.09.02).]
\scratchcounter=\count110
\scratchdimen=\dimen118
\scratchbox=\box28
\nofMPsegments=\count111
\nofMParguments=\count112
\everyMPshowfont=\toks20
\MPscratchCnt=\count113
\MPscratchDim=\dimen119
\MPnumerator=\count114
\makeMPintoPDFobject=\count115
\everyMPtoPDFconversion=\toks21
) ("C:\MySoftware\MiKTeX 2.9\tex\latex\oberdiek\epstopdf-base.sty"
Package: epstopdf-base 2016/05/15 v2.6 Base part for package epstopdf

("C:\MySoftware\MiKTeX 2.9\tex\latex\oberdiek\grfext.sty"
Package: grfext 2016/05/16 v1.2 Manage graphics extensions (HO)
)
Package epstopdf-base Info: Redefining graphics rule for `.eps' on input line 438.
Package grfext Info: Graphics extension search list:
(grfext)             [.png,.pdf,.jpg,.mps,.jpeg,.jbig2,.jb2,.PNG,.PDF,.JPG,.JPEG,.JBIG2,.JB2,.eps]
(grfext)             \AppendGraphicsExtensions on input line 456.
)
\AtBeginShipoutBox=\box29
Package hyperref Info: Link coloring ON on input line 29.
 ("C:\MySoftware\MiKTeX 2.9\tex\latex\hyperref\nameref.sty"
Package: nameref 2016/05/21 v2.44 Cross-referencing by name of section

("C:\MySoftware\MiKTeX 2.9\tex\generic\oberdiek\gettitlestring.sty"
Package: gettitlestring 2016/05/16 v1.5 Cleanup title references (HO)
)
\c@section@level=\count116
)
LaTeX Info: Redefining \ref on input line 29.
LaTeX Info: Redefining \pageref on input line 29.
LaTeX Info: Redefining \nameref on input line 29.
 (Manual.out) (Manual.out)
\@outlinefile=\write3
\openout3 = `Manual.out'.

 [1

{C:/ProgramData/MiKTeX/2.9/pdftex/config/pdftex.map}] (Manual.toc)
\tf@toc=\write4
\openout4 = `Manual.toc'.

 [2

] <fig47.png, id=227, 411.78844pt x 182.18062pt>
File: fig47.png Graphic file (type png)
 <use fig47.png>
Package pdftex.def Info: fig47.png used on input line 62.
(pdftex.def)             Requested size: 172.5pt x 76.31517pt.
 [3

]
<fig48.png, id=253, 788.9475pt x 189.70876pt>
File: fig48.png Graphic file (type png)
 <use fig48.png>
Package pdftex.def Info: fig48.png used on input line 113.
(pdftex.def)             Requested size: 345.0pt x 82.95683pt.

<fuzzy_logic_example.png, id=255, 910.40125pt x 1030.85126pt>
File: fuzzy_logic_example.png Graphic file (type png)
 <use fuzzy_logic_example.png>
Package pdftex.def Info: fuzzy_logic_example.png used on input line 121.
(pdftex.def)             Requested size: 345.0pt x 390.64221pt.
 [4 <./fig47.png>] [5 <./fig48.png> <./fuzzy_logic_example.png>] [6] <fig49.png, id=286, 594.22pt x 183.68625pt>
File: fig49.png Graphic file (type png)
 <use fig49.png>
Package pdftex.def Info: fig49.png used on input line 164.
(pdftex.def)             Requested size: 241.49895pt x 74.65317pt.

<fuzzy_logic_example1.png, id=287, 533.5935pt x 618.51076pt>
File: fuzzy_logic_example1.png Graphic file (type png)
 <use fuzzy_logic_example1.png>
Package pdftex.def Info: fuzzy_logic_example1.png used on input line 172.
(pdftex.def)             Requested size: 345.0pt x 399.9226pt.

<fig50.png, id=289, 411.78844pt x 182.18062pt>
File: fig50.png Graphic file (type png)
 <use fig50.png>
Package pdftex.def Info: fig50.png used on input line 188.
(pdftex.def)             Requested size: 172.5pt x 76.31517pt.
 [7

 <./fig49.png>] [8 <./fuzzy_logic_example1.png> <./fig50.png>]
LaTeX Font Info:    Try loading font information for OMS+cmr on input line 209.
 ("C:\MySoftware\MiKTeX 2.9\tex\latex\base\omscmr.fd"
File: omscmr.fd 2014/09/29 v2.5h Standard LaTeX font definitions
)
LaTeX Font Info:    Font shape `OMS/cmr/m/n' in size <10> not available
(Font)              Font shape `OMS/cmsy/m/n' tried instead on input line 209.
 [9] <fig1.png, id=312, 2569.6pt x 1395.2125pt>
File: fig1.png Graphic file (type png)

<use fig1.png>
Package pdftex.def Info: fig1.png used on input line 244.
(pdftex.def)             Requested size: 345.0pt x 187.32367pt.
 [10

 <./fig1.png>] <fig2.png, id=322, 533.995pt x 254.9525pt>
File: fig2.png Graphic file (type png)
 <use fig2.png>
Package pdftex.def Info: fig2.png used on input line 268.
(pdftex.def)             Requested size: 207.0021pt x 98.83195pt.

<fig3.png, id=325, 457.71pt x 499.8675pt>
File: fig3.png Graphic file (type png)
 <use fig3.png>
Package pdftex.def Info: fig3.png used on input line 289.
(pdftex.def)             Requested size: 276.00105pt x 301.43303pt.
 <fig4.png, id=328, 457.71pt x 499.8675pt>
File: fig4.png Graphic file (type png)
 <use fig4.png>
Package pdftex.def Info: fig4.png used on input line 310.
(pdftex.def)             Requested size: 276.00105pt x 301.43303pt.

[11 <./fig2.png>] <fig5.png, id=338, 457.71pt x 499.8675pt>
File: fig5.png Graphic file (type png)
 <use fig5.png>
Package pdftex.def Info: fig5.png used on input line 331.
(pdftex.def)             Requested size: 276.00105pt x 301.43303pt.

<fig7.png, id=339, 896.34875pt x 571.13374pt>
File: fig7.png Graphic file (type png)
 <use fig7.png>
Package pdftex.def Info: fig7.png used on input line 344.
(pdftex.def)             Requested size: 345.0pt x 219.82181pt.
 [12 <./fig3.png>]
Overfull \hbox (26.93393pt too wide) in paragraph at lines 361--362
[]\OT1/cmr/m/n/10 Make sure we only al-low to spec-ify one out-put vari-able whose type is PN[]OUTPUT,
 []

<fig8.png, id=347, 900.36375pt x 573.14125pt>
File: fig8.png Graphic file (type png)
 <use fig8.png>
Package pdftex.def Info: fig8.png used on input line 365.
(pdftex.def)             Requested size: 345.0pt x 219.61497pt.
 [13 <./fig4.png>]
<fig9.png, id=358, 730.73pt x 749.80125pt>
File: fig9.png Graphic file (type png)
 <use fig9.png>
Package pdftex.def Info: fig9.png used on input line 386.
(pdftex.def)             Requested size: 276.00105pt x 283.19984pt.
 <fig9_1.png, id=359, 730.73pt x 749.80125pt>
File: fig9_1.png Graphic file (type png)
 <use fig9_1.png>
Package pdftex.def Info: fig9_1.png used on input line 394.
(pdftex.def)             Requested size: 276.00105pt x 283.19984pt.

<fig9_2.png, id=360, 730.73pt x 749.80125pt>
File: fig9_2.png Graphic file (type png)
 <use fig9_2.png>
Package pdftex.def Info: fig9_2.png used on input line 402.
(pdftex.def)             Requested size: 276.00105pt x 283.19984pt.
 [14 <./fig5.png>] [15 <./fig7.png> <./fig8.png>] [16 <./fig9.png>] [17 <./fig9_1.png>] [18 <./fig9_2.png>] <fig10.png, 
id=393, 900.36375pt x 734.745pt>
File: fig10.png Graphic file (type png)
 <use fig10.png>
Package pdftex.def Info: fig10.png used on input line 426.
(pdftex.def)             Requested size: 345.0pt x 281.53795pt.

<fig6.png, id=395, 2569.6pt x 1395.2125pt>
File: fig6.png Graphic file (type png)
 <use fig6.png>
Package pdftex.def Info: fig6.png used on input line 436.
(pdftex.def)             Requested size: 345.0pt x 187.32367pt.
 [19

 <./fig10.png>] [20 <./fig6.png>]
<fig11.png, id=409, 900.36375pt x 573.14125pt>
File: fig11.png Graphic file (type png)
 <use fig11.png>
Package pdftex.def Info: fig11.png used on input line 450.
(pdftex.def)             Requested size: 276.00105pt x 175.69548pt.
 <fig12.png, id=411, 1478.52374pt x 725.71124pt>
File: fig12.png Graphic file (type png)

<use fig12.png>
Package pdftex.def Info: fig12.png used on input line 462.
(pdftex.def)             Requested size: 345.0pt x 169.33516pt.
 [21

 <./fig11.png> <./fig12.png>] <fig13.png, id=421, 1170.3725pt x 541.02126pt>
File: fig13.png Graphic file (type png)
 <use fig13.png>
Package pdftex.def Info: fig13.png used on input line 488.
(pdftex.def)             Requested size: 345.0pt x 159.4843pt.

<fig14.png, id=422, 670.505pt x 495.8525pt>
File: fig14.png Graphic file (type png)
 <use fig14.png>
Package pdftex.def Info: fig14.png used on input line 499.
(pdftex.def)             Requested size: 345.0pt x 255.12856pt.
 <fig18.png, id=423, 787.94376pt x 493.845pt>
File: fig18.png Graphic file (type png)

<use fig18.png>
Package pdftex.def Info: fig18.png used on input line 507.
(pdftex.def)             Requested size: 345.0pt x 216.22997pt.
 [22

 <./fig13.png>] [23 <./fig14.png> <./fig18.png>] <fig15.png, id=438, 667.49374pt x 492.84125pt>
File: fig15.png Graphic file (type png)

<use fig15.png>
Package pdftex.def Info: fig15.png used on input line 528.
(pdftex.def)             Requested size: 345.0pt x 254.73729pt.
 <fig19.png, id=439, 1170.3725pt x 541.02126pt>
File: fig19.png Graphic file (type png)
 <use fig19.png>
Package pdftex.def Info: fig19.png used on input line 539.
(pdftex.def)             Requested size: 345.0pt x 159.4843pt.

<fig16.png, id=440, 1170.3725pt x 541.02126pt>
File: fig16.png Graphic file (type png)
 <use fig16.png>
Package pdftex.def Info: fig16.png used on input line 550.
(pdftex.def)             Requested size: 345.0pt x 159.4843pt.
 <fig17.png, id=441, 1170.3725pt x 541.02126pt>
File: fig17.png Graphic file (type png)

<use fig17.png>
Package pdftex.def Info: fig17.png used on input line 558.
(pdftex.def)             Requested size: 345.0pt x 159.4843pt.
 [24 <./fig15.png>] [25 <./fig19.png> <./fig16.png> <./fig17.png>]
<fig20.png, id=462, 1084.05pt x 302.12875pt>
File: fig20.png Graphic file (type png)
 <use fig20.png>
Package pdftex.def Info: fig20.png used on input line 584.
(pdftex.def)             Requested size: 345.0pt x 96.153pt.
 <fig31.png, id=463, 726.715pt x 740.7675pt>
File: fig31.png Graphic file (type png)

<use fig31.png>
Package pdftex.def Info: fig31.png used on input line 620.
(pdftex.def)             Requested size: 155.24895pt x 158.24461pt.
 <fig32.png, id=464, 726.715pt x 740.7675pt>
File: fig32.png Graphic file (type png)
 <use fig32.png>
Package pdftex.def Info: fig32.png used on input line 621.
(pdftex.def)             Requested size: 155.24895pt x 158.24461pt.

<fig33.png, id=465, 1478.52374pt x 725.71124pt>
File: fig33.png Graphic file (type png)
 <use fig33.png>
Package pdftex.def Info: fig33.png used on input line 629.
(pdftex.def)             Requested size: 345.0pt x 169.33516pt.
 <fig34.png, id=466, 726.715pt x 740.7675pt>
File: fig34.png Graphic file (type png)

<use fig34.png>
Package pdftex.def Info: fig34.png used on input line 637.
(pdftex.def)             Requested size: 345.0pt x 351.67606pt.
 <fig35.png, id=467, 1478.52374pt x 725.71124pt>
File: fig35.png Graphic file (type png)
 <use fig35.png>
Package pdftex.def Info: fig35.png used on input line 645.
(pdftex.def)             Requested size: 345.0pt x 169.33516pt.

<fig36.png, id=468, 726.715pt x 740.7675pt>
File: fig36.png Graphic file (type png)
 <use fig36.png>
Package pdftex.def Info: fig36.png used on input line 653.
(pdftex.def)             Requested size: 155.24895pt x 158.24461pt.
 <fig37.png, id=469, 726.715pt x 740.7675pt>
File: fig37.png Graphic file (type png)
 <use fig37.png>
Package pdftex.def Info: fig37.png used on input line 654.
(pdftex.def)             Requested size: 155.24895pt x 158.24461pt.

<fig38.png, id=470, 1478.52374pt x 725.71124pt>
File: fig38.png Graphic file (type png)
 <use fig38.png>
Package pdftex.def Info: fig38.png used on input line 662.
(pdftex.def)             Requested size: 345.0pt x 169.33516pt.
 <fig39.png, id=471, 726.715pt x 740.7675pt>
File: fig39.png Graphic file (type png)

<use fig39.png>
Package pdftex.def Info: fig39.png used on input line 670.
(pdftex.def)             Requested size: 310.4979pt x 316.51184pt.
 <fig40.png, id=472, 1478.52374pt x 725.71124pt>
File: fig40.png Graphic file (type png)
 <use fig40.png>
Package pdftex.def Info: fig40.png used on input line 678.
(pdftex.def)             Requested size: 345.0pt x 169.33516pt.
 [26

 <./fig20.png>] [27 <./fig31.png> <./fig32.png> <./fig33.png>] [28 <./fig34.png>] [29 <./fig35.png> <./fig36.png> <./fig
37.png>] [30 <./fig38.png> <./fig39.png>] [31 <./fig40.png>] <fig21.png, id=524, 635.37375pt x 428.60126pt>
File: fig21.png Graphic file (type png)
 <use fig21.png>
Package pdftex.def Info: fig21.png used on input line 701.
(pdftex.def)             Requested size: 345.0pt x 232.72958pt.

<fig22.png, id=525, 639.38875pt x 431.6125pt>
File: fig22.png Graphic file (type png)
 <use fig22.png>
Package pdftex.def Info: fig22.png used on input line 709.
(pdftex.def)             Requested size: 345.0pt x 232.88945pt.
 <fig23.png, id=526, 640.3925pt x 429.605pt>
File: fig23.png Graphic file (type png)

<use fig23.png>
Package pdftex.def Info: fig23.png used on input line 717.
(pdftex.def)             Requested size: 345.0pt x 231.44571pt.
 <fig24.png, id=527, 636.3775pt x 434.62375pt>
File: fig24.png Graphic file (type png)
 <use fig24.png>
Package pdftex.def Info: fig24.png used on input line 725.
(pdftex.def)             Requested size: 345.0pt x 235.62178pt.
 [32

 <./fig21.png>] [33 <./fig22.png> <./fig23.png>] [34 <./fig24.png>] <fig25.png, id=550, 564.1075pt x 483.8075pt>
File: fig25.png Graphic file (type png)
 <use fig25.png>
Package pdftex.def Info: fig25.png used on input line 744.
(pdftex.def)             Requested size: 276.00105pt x 236.7134pt.

<fig41.png, id=551, 726.715pt x 740.7675pt>
File: fig41.png Graphic file (type png)
 <use fig41.png>
Package pdftex.def Info: fig41.png used on input line 770.
(pdftex.def)             Requested size: 155.24895pt x 158.24461pt.
 <fig42.png, id=552, 726.715pt x 740.7675pt>
File: fig42.png Graphic file (type png)
 <use fig42.png>
Package pdftex.def Info: fig42.png used on input line 771.
(pdftex.def)             Requested size: 155.24895pt x 158.24461pt.

<fig43.png, id=553, 1478.52374pt x 725.71124pt>
File: fig43.png Graphic file (type png)
 <use fig43.png>
Package pdftex.def Info: fig43.png used on input line 779.
(pdftex.def)             Requested size: 345.0pt x 169.33516pt.
 [35

 <./fig25.png>]
<fig26.png, id=564, 635.37375pt x 431.6125pt>
File: fig26.png Graphic file (type png)
 <use fig26.png>
Package pdftex.def Info: fig26.png used on input line 794.
(pdftex.def)             Requested size: 345.0pt x 234.36469pt.
 <fig27.png, id=565, 636.3775pt x 427.5975pt>
File: fig27.png Graphic file (type png)

<use fig27.png>
Package pdftex.def Info: fig27.png used on input line 802.
(pdftex.def)             Requested size: 345.0pt x 231.81265pt.
 [36 <./fig41.png> <./fig42.png> <./fig43.png>] [37 <./fig26.png> <./fig27.png>]
<fig28.png, id=587, 871.255pt x 781.92125pt>
File: fig28.png Graphic file (type png)
 <use fig28.png>
Package pdftex.def Info: fig28.png used on input line 824.
(pdftex.def)             Requested size: 345.0pt x 309.62506pt.
 <fig44.png, id=588, 726.715pt x 740.7675pt>
File: fig44.png Graphic file (type png)

<use fig44.png>
Package pdftex.def Info: fig44.png used on input line 866.
(pdftex.def)             Requested size: 155.24895pt x 158.24461pt.
 <fig45.png, id=589, 726.715pt x 740.7675pt>
File: fig45.png Graphic file (type png)
 <use fig45.png>
Package pdftex.def Info: fig45.png used on input line 867.
(pdftex.def)             Requested size: 155.24895pt x 158.24461pt.

<fig46.png, id=590, 1478.52374pt x 725.71124pt>
File: fig46.png Graphic file (type png)
 <use fig46.png>
Package pdftex.def Info: fig46.png used on input line 875.
(pdftex.def)             Requested size: 345.0pt x 169.33516pt.

Overfull \hbox (63.87178pt too wide) in paragraph at lines 885--886
[]\OT1/cmr/m/n/10 When us-ing T-S, we choose to as-sign an FIS to the arc from k3 to Raf[]1Star[]RKIP[]ERK[]PP.
 []

[38

 <./fig28.png>] <fig29.png, id=605, 608.2725pt x 346.29375pt>
File: fig29.png Graphic file (type png)
 <use fig29.png>
Package pdftex.def Info: fig29.png used on input line 891.
(pdftex.def)             Requested size: 345.0pt x 196.41722pt.

<fig30.png, id=606, 451.6875pt x 253.69781pt>
File: fig30.png Graphic file (type png)
 <use fig30.png>
Package pdftex.def Info: fig30.png used on input line 899.
(pdftex.def)             Requested size: 345.0pt x 193.78786pt.
 [39 <./fig44.png> <./fig45.png>] [40 <./fig46.png> <./fig29.png>] [41 <./fig30.png>] <fig53.png, id=629, 1985.4175pt x 
667.49374pt>
File: fig53.png Graphic file (type png)
 <use fig53.png>
Package pdftex.def Info: fig53.png used on input line 919.
(pdftex.def)             Requested size: 345.0pt x 115.98816pt.

<fig57.png, id=630, 726.715pt x 740.7675pt>
File: fig57.png Graphic file (type png)
 <use fig57.png>
Package pdftex.def Info: fig57.png used on input line 972.
(pdftex.def)             Requested size: 155.24895pt x 158.24461pt.
 <fig58.png, id=631, 726.715pt x 740.7675pt>
File: fig58.png Graphic file (type png)
 <use fig58.png>
Package pdftex.def Info: fig58.png used on input line 973.
(pdftex.def)             Requested size: 155.24895pt x 158.24461pt.

<fig59.png, id=632, 1478.52374pt x 725.71124pt>
File: fig59.png Graphic file (type png)
 <use fig59.png>
Package pdftex.def Info: fig59.png used on input line 981.
(pdftex.def)             Requested size: 345.0pt x 169.33516pt.
File: fig57.png Graphic file (type png)
 <use fig57.png>
Package pdftex.def Info: fig57.png used on input line 988.
(pdftex.def)             Requested size: 345.0pt x 351.67606pt.

<fig60.png, id=633, 1478.52374pt x 725.71124pt>
File: fig60.png Graphic file (type png)
 <use fig60.png>
Package pdftex.def Info: fig60.png used on input line 996.
(pdftex.def)             Requested size: 345.0pt x 169.33516pt.
 [42

 <./fig53.png>]
<fig54.png, id=646, 558.888pt x 364.36125pt>
File: fig54.png Graphic file (type png)
 <use fig54.png>
Package pdftex.def Info: fig54.png used on input line 1014.
(pdftex.def)             Requested size: 345.0pt x 224.92313pt.
 <fig55.png, id=647, 557.6835pt x 364.9635pt>
File: fig55.png Graphic file (type png)

<use fig55.png>
Package pdftex.def Info: fig55.png used on input line 1022.
(pdftex.def)             Requested size: 345.0pt x 225.78496pt.
 <fig56.png, id=648, 559.49025pt x 363.759pt>
File: fig56.png Graphic file (type png)
 <use fig56.png>
Package pdftex.def Info: fig56.png used on input line 1030.
(pdftex.def)             Requested size: 345.0pt x 224.31268pt.
 [43 <./fig57.png> <./fig58.png> <./fig59.png>] [44] [45 <./fig60.png> <./fig54.png>] [46 <./fig55.png> <./fig56.png>] (
Manual.bbl
Missing character: There is no ¨ in font cmr10!
 [47

])
Package atveryend Info: Empty hook `BeforeClearDocument' on input line 1053.
 [48]
Package atveryend Info: Empty hook `AfterLastShipout' on input line 1053.
 (Manual.aux)
Package atveryend Info: Executing hook `AtVeryEndDocument' on input line 1053.
Package atveryend Info: Executing hook `AtEndAfterFileList' on input line 1053.
Package rerunfilecheck Info: File `Manual.out' has not changed.
(rerunfilecheck)             Checksum: 3234A6BCD761DC56C9B8D64C45DAFE1E;2776.
Package atveryend Info: Empty hook `AtVeryVeryEnd' on input line 1053.
 ) 
Here is how much of TeX's memory you used:
 6339 strings out of 493323
 91887 string characters out of 3140368
 182980 words of memory out of 3000000
 9601 multiletter control sequences out of 15000+200000
 9369 words of font info for 34 fonts, out of 3000000 for 9000
 1141 hyphenation exceptions out of 8191
 28i,9n,28p,679b,435s stack positions out of 5000i,500n,10000p,200000b,50000s
<C:/MySoftware/MiKTeX 2.9/fonts/type1/public/amsfonts/cm/cmbx10.pfb><C:/MySoftware/MiKTeX 2.9/fonts/type1/public/amsfo
nts/cm/cmbx12.pfb><C:/MySoftware/MiKTeX 2.9/fonts/type1/public/amsfonts/cm/cmmi10.pfb><C:/MySoftware/MiKTeX 2.9/fonts/ty
pe1/public/amsfonts/cm/cmmi7.pfb><C:/MySoftware/MiKTeX 2.9/fonts/type1/public/amsfonts/cm/cmr10.pfb><C:/MySoftware/MiKTe
X 2.9/fonts/type1/public/amsfonts/cm/cmr12.pfb><C:/MySoftware/MiKTeX 2.9/fonts/type1/public/amsfonts/cm/cmr17.pfb><C:/My
Software/MiKTeX 2.9/fonts/type1/public/amsfonts/cm/cmr7.pfb><C:/MySoftware/MiKTeX 2.9/fonts/type1/public/amsfonts/cm/cms
y10.pfb><C:/MySoftware/MiKTeX 2.9/fonts/type1/public/amsfonts/cm/cmsy7.pfb><C:/MySoftware/MiKTeX 2.9/fonts/type1/public/
amsfonts/cm/cmti10.pfb>
Output written on Manual.pdf (48 pages, 2787347 bytes).
PDF statistics:
 764 PDF objects out of 1000 (max. 8388607)
 169 named destinations out of 1000 (max. 500000)
 631 words of extra memory for PDF output out of 10000 (max. 10000000)

